Arguments: 
  C:\Program Files\nodejs\node.exe C:\Users\CASH CRUSADERS\AppData\Roaming\npm\node_modules\yarn\bin\yarn.js add v1.22.10

PATH: 
  C:\Users\CASH CRUSADERS\RubymineProjects\Escape-Room-Planner\node_modules\.bin;C:\Program Files (x86)\Common Files\Oracle\Java\javapath;C:\WINDOWS\system32;C:\WINDOWS;C:\WINDOWS\System32\Wbem;C:\WINDOWS\System32\WindowsPowerShell\v1.0\;C:\Users\CASH CRUSADERS\Desktop\Java\jdk1.8.0_201\bin;C:\WINDOWS\System32\OpenSSH\;C:\TDM-GCC-64\bin;C:\Program Files (x86)\BaseX\bin;C:\Program Files\nodejs\;C:\Program Files\Java\jdk1.8.0_201\bin;C:\Program Files\Git\cmd;C:\Ruby27-x64\bin;C:\Users\CASH CRUSADERS\AppData\Local\Programs\Python\Python39\Scripts\;C:\Users\CASH CRUSADERS\AppData\Local\Programs\Python\Python39\;C:\Users\CASH CRUSADERS\AppData\Local\Programs\Python\Python38-32\Scripts\;C:\Users\CASH CRUSADERS\AppData\Local\Programs\Python\Python38-32\;C:\Users\CASH CRUSADERS\AppData\Local\Microsoft\WindowsApps;C:\Users\CASH CRUSADERS\AppData\Roaming\npm;C:\Users\CASH CRUSADERS\AppData\Local\GitHubDesktop\bin;C:\Program Files\JetBrains\IntelliJ IDEA 2021.1.1\bin;C:\Users\CASH CRUSADERS\AppData\Local\atom\bin;C:\Users\CASH CRUSADERS\AppData\Local\gitkraken\bin;C:\Program Files\JetBrains\RubyMine 2021.1.1\bin;

Yarn version: 
  1.22.10

Node version: 
  14.16.1

Platform: 
  win32 x64

Trace: 
  Error: https://registry.yarnpkg.com/v1.22.10: Not found
      at Request.params.callback [as _callback] (C:\Users\CASH CRUSADERS\AppData\Roaming\npm\node_modules\yarn\lib\cli.js:66988:18)
      at Request.self.callback (C:\Users\CASH CRUSADERS\AppData\Roaming\npm\node_modules\yarn\lib\cli.js:140662:22)
      at Request.emit (events.js:315:20)
      at Request.<anonymous> (C:\Users\CASH CRUSADERS\AppData\Roaming\npm\node_modules\yarn\lib\cli.js:141634:10)
      at Request.emit (events.js:315:20)
      at IncomingMessage.<anonymous> (C:\Users\CASH CRUSADERS\AppData\Roaming\npm\node_modules\yarn\lib\cli.js:141556:12)
      at Object.onceWrapper (events.js:421:28)
      at IncomingMessage.emit (events.js:327:22)
      at endReadableNT (internal/streams/readable.js:1327:12)
      at processTicksAndRejections (internal/process/task_queues.js:80:21)

npm manifest: 
  No manifest

yarn manifest: 
  No manifest

Lockfile: 
  # THIS IS AN AUTOGENERATED FILE. DO NOT EDIT THIS FILE DIRECTLY.
  # yarn lockfile v1
